11:42:05,711 (AWT-EventQueue-0) INFO  [uniandes.isis2304.parranderos.negocio.Parranderos] - Limpiando la BD de Parranderos
11:42:05,809 (AWT-EventQueue-0) INFO  [uniandes.isis2304.parranderos.persistencia.PersistenciaParranderos] - Borrada la base de datos
11:42:05,810 (AWT-EventQueue-0) INFO  [uniandes.isis2304.parranderos.negocio.Parranderos] - Limpiando la BD de Parranderos: Listo!
17:49:19,884 (main) INFO  [uniandes.isis2304.parranderos.interfazApp.InterfazParranderosApp] - Se encontr√≥ un archivo de configuraci√≥n v√°lido: Interfaz
17:49:19,884 (main) INFO  [uniandes.isis2304.parranderos.interfazApp.InterfazParranderosApp] - Se aplica configuraci√≥n indicada en el archivo de configuraci√≥n
17:49:19,896 (main) INFO  [uniandes.isis2304.parranderos.interfazApp.InterfazParranderosApp] - Se encontr√≥ un archivo de configuraci√≥n v√°lido: Tablas BD
03:39:42,795 (main) INFO  [uniandes.isis2304.parranderos.interfazApp.InterfazParranderosApp] - Se encontr√≥ un archivo de configuraci√≥n v√°lido: Interfaz
03:39:42,796 (main) INFO  [uniandes.isis2304.parranderos.interfazApp.InterfazParranderosApp] - Se aplica configuraci√≥n indicada en el archivo de configuraci√≥n
03:39:42,829 (main) INFO  [uniandes.isis2304.parranderos.interfazApp.InterfazParranderosApp] - Se encontr√≥ un archivo de configuraci√≥n v√°lido: Tablas BD
03:40:00,521 (main) INFO  [uniandes.isis2304.parranderos.interfazApp.InterfazParranderosApp] - Se encontr√≥ un archivo de configuraci√≥n v√°lido: Interfaz
03:40:00,523 (main) INFO  [uniandes.isis2304.parranderos.interfazApp.InterfazParranderosApp] - Se aplica configuraci√≥n indicada en el archivo de configuraci√≥n
03:40:00,607 (main) INFO  [uniandes.isis2304.parranderos.interfazApp.InterfazParranderosApp] - Se encontr√≥ un archivo de configuraci√≥n v√°lido: Tablas BD
03:40:22,034 (main) INFO  [uniandes.isis2304.parranderos.interfazApp.InterfazParranderosApp] - Se encontr√≥ un archivo de configuraci√≥n v√°lido: Interfaz
03:40:22,037 (main) INFO  [uniandes.isis2304.parranderos.interfazApp.InterfazParranderosApp] - Se aplica configuraci√≥n indicada en el archivo de configuraci√≥n
03:40:22,108 (main) INFO  [uniandes.isis2304.parranderos.interfazApp.InterfazParranderosApp] - Se encontr√≥ un archivo de configuraci√≥n v√°lido: Tablas BD
03:43:37,636 (main) INFO  [uniandes.isis2304.parranderos.interfazApp.InterfazParranderosApp] - Se encontr√≥ un archivo de configuraci√≥n v√°lido: Interfaz
03:43:37,638 (main) INFO  [uniandes.isis2304.parranderos.interfazApp.InterfazParranderosApp] - Se aplica configuraci√≥n indicada en el archivo de configuraci√≥n
03:43:37,707 (main) INFO  [uniandes.isis2304.parranderos.interfazApp.InterfazParranderosApp] - Se encontr√≥ un archivo de configuraci√≥n v√°lido: Tablas BD
03:44:01,419 (main) INFO  [uniandes.isis2304.parranderos.interfazApp.InterfazParranderosApp] - Se encontr√≥ un archivo de configuraci√≥n v√°lido: Interfaz
03:44:01,421 (main) INFO  [uniandes.isis2304.parranderos.interfazApp.InterfazParranderosApp] - Se aplica configuraci√≥n indicada en el archivo de configuraci√≥n
03:44:01,492 (main) INFO  [uniandes.isis2304.parranderos.interfazApp.InterfazParranderosApp] - Se encontr√≥ un archivo de configuraci√≥n v√°lido: Tablas BD
03:44:12,155 (main) INFO  [uniandes.isis2304.parranderos.interfazApp.InterfazParranderosApp] - Se encontr√≥ un archivo de configuraci√≥n v√°lido: Interfaz
03:44:12,156 (main) INFO  [uniandes.isis2304.parranderos.interfazApp.InterfazParranderosApp] - Se aplica configuraci√≥n indicada en el archivo de configuraci√≥n
03:44:12,185 (main) INFO  [uniandes.isis2304.parranderos.interfazApp.InterfazParranderosApp] - Se encontr√≥ un archivo de configuraci√≥n v√°lido: Tablas BD
03:44:16,012 (main) INFO  [uniandes.isis2304.parranderos.interfazApp.InterfazParranderosApp] - Se encontr√≥ un archivo de configuraci√≥n v√°lido: Interfaz
03:44:16,014 (main) INFO  [uniandes.isis2304.parranderos.interfazApp.InterfazParranderosApp] - Se aplica configuraci√≥n indicada en el archivo de configuraci√≥n
03:44:16,086 (main) INFO  [uniandes.isis2304.parranderos.interfazApp.InterfazParranderosApp] - Se encontr√≥ un archivo de configuraci√≥n v√°lido: Tablas BD
03:44:35,942 (main) INFO  [uniandes.isis2304.parranderos.interfazApp.InterfazParranderosApp] - Se encontr√≥ un archivo de configuraci√≥n v√°lido: Interfaz
03:44:35,944 (main) INFO  [uniandes.isis2304.parranderos.interfazApp.InterfazParranderosApp] - Se aplica configuraci√≥n indicada en el archivo de configuraci√≥n
03:44:36,013 (main) INFO  [uniandes.isis2304.parranderos.interfazApp.InterfazParranderosApp] - Se encontr√≥ un archivo de configuraci√≥n v√°lido: Tablas BD
04:38:23,184 (main) INFO  [uniandes.isis2304.parranderos.interfazApp.InterfazParranderosApp] - Se encontr√≥ un archivo de configuraci√≥n v√°lido: Interfaz
04:38:23,186 (main) INFO  [uniandes.isis2304.parranderos.interfazApp.InterfazParranderosApp] - Se aplica configuraci√≥n indicada en el archivo de configuraci√≥n
04:38:23,214 (main) INFO  [uniandes.isis2304.parranderos.interfazApp.InterfazParranderosApp] - Se encontr√≥ un archivo de configuraci√≥n v√°lido: Tablas BD
04:39:17,451 (main) INFO  [uniandes.isis2304.parranderos.interfazApp.InterfazParranderosApp] - Se encontr√≥ un archivo de configuraci√≥n v√°lido: Interfaz
04:39:17,453 (main) INFO  [uniandes.isis2304.parranderos.interfazApp.InterfazParranderosApp] - Se aplica configuraci√≥n indicada en el archivo de configuraci√≥n
04:39:17,506 (main) INFO  [uniandes.isis2304.parranderos.interfazApp.InterfazParranderosApp] - Se encontr√≥ un archivo de configuraci√≥n v√°lido: Tablas BD
04:41:42,089 (main) INFO  [uniandes.isis2304.parranderos.interfazApp.InterfazParranderosApp] - Se encontrÛ un archivo de configuraciÛn v·lido: Interfaz
04:41:42,090 (main) INFO  [uniandes.isis2304.parranderos.interfazApp.InterfazParranderosApp] - Se aplica configuraciÛn indicada en el archivo de configuraciÛn
04:41:42,149 (main) INFO  [uniandes.isis2304.parranderos.interfazApp.InterfazParranderosApp] - Se encontrÛ un archivo de configuraciÛn v·lido: Tablas BD
